#
# There is insufficient memory for the Java Runtime Environment to continue.
# Native memory allocation (malloc) failed to allocate 556656 bytes for Chunk::new
# Possible reasons:
#   The system is out of physical RAM or swap space
#   In 32 bit mode, the process size limit was hit
# Possible solutions:
#   Reduce memory load on the system
#   Increase physical memory or swap space
#   Check if swap backing store is full
#   Use 64 bit Java on a 64 bit OS
#   Decrease Java heap size (-Xmx/-Xms)
#   Decrease number of Java threads
#   Decrease Java thread stack sizes (-Xss)
#   Set larger code cache with -XX:ReservedCodeCacheSize=
# This output file may be truncated or incomplete.
#
#  Out of Memory Error (allocation.cpp:390), pid=7784, tid=0x00000000000014c4
#
# JRE version: OpenJDK Runtime Environment (8.0_152-b01) (build 1.8.0_152-release-1343-b01)
# Java VM: OpenJDK 64-Bit Server VM (25.152-b01 mixed mode windows-amd64 compressed oops)
# Failed to write core dump. Minidumps are not enabled by default on client versions of Windows
#

---------------  T H R E A D  ---------------

Current thread (0x000000005797f800):  JavaThread "C2 CompilerThread1" daemon [_thread_in_native, id=5316, stack(0x0000000059130000,0x0000000059230000)]

Stack: [0x0000000059130000,0x0000000059230000]
[error occurred during error reporting (printing stack bounds), id 0xc0000005]

Native frames: (J=compiled Java code, j=interpreted, Vv=VM code, C=native code)


Current CompileTask:
C2:1203232 25999       4       org.gradle.api.internal.artifacts.configurations.DefaultConfiguration_Decorated::getAllArtifacts (37 bytes)


---------------  P R O C E S S  ---------------

Java Threads: ( => current thread )
  0x000000005f105000 JavaThread "Cache worker for execution history cache (C:\Users\Administrator\Desktop\GreenTaxi2\.gradle\5.1.1\executionHistory)" [_thread_blocked, id=4512, stack(0x0000000068230000,0x0000000068330000)]
  0x000000005f104800 JavaThread "Execution worker for ':' Thread 7" [_thread_blocked, id=6308, stack(0x000000006ba10000,0x000000006bb10000)]
  0x000000005f103800 JavaThread "Execution worker for ':' Thread 6" [_thread_blocked, id=6540, stack(0x000000006b3d0000,0x000000006b4d0000)]
  0x000000005f103000 JavaThread "Execution worker for ':' Thread 5" [_thread_blocked, id=8032, stack(0x0000000068000000,0x0000000068100000)]
  0x000000005f102000 JavaThread "Execution worker for ':' Thread 4" [_thread_blocked, id=2976, stack(0x0000000066950000,0x0000000066a50000)]
  0x000000005f101800 JavaThread "Execution worker for ':' Thread 3" [_thread_blocked, id=8148, stack(0x0000000069f70000,0x000000006a070000)]
  0x000000005f0ff000 JavaThread "Execution worker for ':' Thread 2" [_thread_blocked, id=7128, stack(0x000000006b1c0000,0x000000006b2c0000)]
  0x000000005f100000 JavaThread "Execution worker for ':'" [_thread_blocked, id=2584, stack(0x000000006b070000,0x000000006b170000)]
  0x000000005ae7d000 JavaThread "Cache worker for file content cache (C:\Users\Administrator\Desktop\GreenTaxi2\.gradle\5.1.1\fileContent)" [_thread_blocked, id=8092, stack(0x0000000068130000,0x0000000068230000)]
  0x000000005ae78000 JavaThread "Cache worker for Build Output Cleanup Cache (C:\Users\Administrator\Desktop\GreenTaxi2\.gradle\buildOutputCleanup)" [_thread_blocked, id=2384, stack(0x0000000067ec0000,0x0000000067fc0000)]
  0x000000005ae7e800 JavaThread "Build operations Thread 8" [_thread_in_native, id=7012, stack(0x0000000066ee0000,0x0000000066fe0000)]
  0x000000005ae84800 JavaThread "Build operations Thread 7" [_thread_blocked, id=7464, stack(0x0000000063ba0000,0x0000000063ca0000)]
  0x000000005ae81800 JavaThread "Build operations Thread 6" [_thread_blocked, id=4936, stack(0x0000000066a70000,0x0000000066b70000)]
  0x000000005ae83000 JavaThread "Build operations Thread 5" [_thread_blocked, id=1264, stack(0x0000000066500000,0x0000000066600000)]
  0x000000005ae82800 JavaThread "Build operations Thread 4" [_thread_in_Java, id=5860, stack(0x00000000635c0000,0x00000000636c0000)]
  0x000000005ae81000 JavaThread "Build operations Thread 3" [_thread_in_native, id=2164, stack(0x0000000063810000,0x0000000063910000)]
  0x000000005ae76800 JavaThread "Build operations Thread 2" [_thread_blocked, id=7264, stack(0x0000000063a80000,0x0000000063b80000)]
  0x000000005ae7f800 JavaThread "Build operations" [_thread_blocked, id=6696, stack(0x0000000063910000,0x0000000063a10000)]
  0x000000005ae77000 JavaThread "Cache worker for cache directory md-rule (C:\Users\Administrator\.gradle\caches\5.1.1\md-rule)" [_thread_blocked, id=5320, stack(0x00000000636d0000,0x00000000637d0000)]
  0x000000005ae84000 JavaThread "Cache worker for cache directory md-supplier (C:\Users\Administrator\.gradle\caches\5.1.1\md-supplier)" [_thread_blocked, id=3036, stack(0x00000000631e0000,0x00000000632e0000)]
  0x000000005ae7b000 JavaThread "Cache worker for file hash cache (C:\Users\Administrator\Desktop\GreenTaxi2\.gradle\5.1.1\fileHashes)" [_thread_blocked, id=7552, stack(0x000000005ea10000,0x000000005eb10000)]
  0x0000000061b94800 JavaThread "Thread-222" [_thread_blocked, id=6336, stack(0x0000000062a80000,0x0000000062b80000)]
  0x0000000061b97800 JavaThread "Stdin handler" [_thread_blocked, id=7540, stack(0x000000005cf90000,0x000000005d090000)]
  0x0000000061b9a800 JavaThread "Asynchronous log dispatcher for DefaultDaemonConnection: socket connection from /127.0.0.1:51664 to /127.0.0.1:52156" [_thread_blocked, id=4988, stack(0x0000000061920000,0x0000000061a20000)]
  0x0000000061b95000 JavaThread "Daemon worker Thread 4" [_thread_blocked, id=4408, stack(0x000000005d090000,0x000000005d190000)]
  0x0000000061b99800 JavaThread "Cancel handler" [_thread_blocked, id=6932, stack(0x000000005cde0000,0x000000005cee0000)]
  0x0000000061b96800 JavaThread "Handler for socket connection from /127.0.0.1:51664 to /127.0.0.1:52156" [_thread_in_native, id=8056, stack(0x000000005cc30000,0x000000005cd30000)]
  0x0000000061b99000 JavaThread "Daemon Thread 4" [_thread_blocked, id=8116, stack(0x000000005c4b0000,0x000000005c5b0000)]
  0x0000000061b96000 JavaThread "Cache worker for Java compile cache (C:\Users\Administrator\.gradle\caches\5.1.1\javaCompile)" [_thread_blocked, id=3168, stack(0x000000006c280000,0x000000006c380000)]
  0x0000000062357800 JavaThread "Cache worker for file content cache (C:\Users\Administrator\.gradle\caches\5.1.1\fileContent)" [_thread_blocked, id=7728, stack(0x00000000672c0000,0x00000000673c0000)]
  0x0000000062353000 JavaThread "Memory manager" [_thread_blocked, id=8184, stack(0x0000000066640000,0x0000000066740000)]
  0x000000005ae7c800 JavaThread "Cache worker for execution history cache (C:\Users\Administrator\.gradle\caches\5.1.1\executionHistory)" [_thread_blocked, id=4172, stack(0x0000000060310000,0x0000000060410000)]
  0x000000005ae75800 JavaThread "Cache worker for journal cache (C:\Users\Administrator\.gradle\caches\journal-1)" [_thread_blocked, id=7872, stack(0x000000005d5e0000,0x000000005d6e0000)]
  0x000000005ae9b800 JavaThread "File lock request listener" [_thread_in_native, id=3328, stack(0x000000005d420000,0x000000005d520000)]
  0x000000005ae75000 JavaThread "Cache worker for file hash cache (C:\Users\Administrator\.gradle\caches\5.1.1\fileHashes)" [_thread_blocked, id=7272, stack(0x000000005d260000,0x000000005d360000)]
  0x000000005a995800 JavaThread "Daemon periodic checks" [_thread_blocked, id=5296, stack(0x000000005c630000,0x000000005c730000)]
  0x000000005af3a000 JavaThread "Incoming local TCP Connector on port 51664" [_thread_in_native, id=6488, stack(0x000000005c340000,0x000000005c440000)]
  0x0000000057a03800 JavaThread "Service Thread" daemon [_thread_blocked, id=6916, stack(0x0000000059670000,0x0000000059770000)]
  0x00000000579d4000 JavaThread "C1 CompilerThread3" daemon [_thread_blocked, id=7444, stack(0x0000000059510000,0x0000000059610000)]
  0x0000000057986800 JavaThread "C2 CompilerThread2" daemon [_thread_in_native, id=7776, stack(0x00000000593e0000,0x00000000594e0000)]
=>0x000000005797f800 JavaThread "C2 CompilerThread1" daemon [_thread_in_native, id=5316, stack(0x0000000059130000,0x0000000059230000)]
  0x0000000057961800 JavaThread "C2 CompilerThread0" daemon [_thread_in_native, id=4428, stack(0x0000000058f40000,0x0000000059040000)]
  0x0000000057960000 JavaThread "Attach Listener" daemon [_thread_blocked, id=5572, stack(0x0000000058e00000,0x0000000058f00000)]
  0x000000005795e800 JavaThread "Signal Dispatcher" daemon [_thread_blocked, id=3228, stack(0x0000000058ce0000,0x0000000058de0000)]
  0x000000005689c800 JavaThread "Finalizer" daemon [_thread_blocked, id=4848, stack(0x0000000058850000,0x0000000058950000)]
  0x0000000056895800 JavaThread "Reference Handler" daemon [_thread_blocked, id=6500, stack(0x0000000058b80000,0x0000000058c80000)]
  0x000000000047e800 JavaThread "main" [_thread_blocked, id=440, stack(0x00000000025b0000,0x00000000026b0000)]

Other Threads:
  0x0000000057903800 VMThread [stack: 0x00000000589b0000,0x0000000058ab0000] [id=7476]
  0x0000000057a06000 WatcherThread [stack: 0x00000000592b0000,0x00000000593b0000] [id=7028]

VM state:not at safepoint (normal execution)

VM Mutex/Monitor currently owned by a thread: None

Heap:
 PSYoungGen      total 475648K, used 335146K [0x00000000e0000000, 0x0000000100000000, 0x0000000100000000)
  eden space 448512K, 68% used [0x00000000e0000000,0x00000000f2cd0958,0x00000000fb600000)
  from space 27136K, 99% used [0x00000000fe580000,0x00000000ffffa188,0x0000000100000000)
  to   space 37888K, 0% used [0x00000000fb600000,0x00000000fb600000,0x00000000fdb00000)
 ParOldGen       total 187904K, used 69531K [0x00000000a0000000, 0x00000000ab780000, 0x00000000e0000000)
  object space 187904K, 37% used [0x00000000a0000000,0x00000000a43e6e48,0x00000000ab780000)
 Metaspace       used 123298K, capacity 130460K, committed 130728K, reserved 1163264K
  class space    used 15696K, capacity 16947K, committed 17064K, reserved 1048576K

Card table byte_map: [0x0000000011a70000,0x0000000011d80000] byte_map_base: 0x0000000011570000

Marking Bits: (ParMarkBitMap*) 0x00000000700a5aa0
 Begin Bits: [0x0000000012bb0000, 0x00000000143b0000)
 End Bits:   [0x00000000143b0000, 0x0000000015bb0000)

Polling page: 0x0000000000430000

CodeCache: size=245760Kb used=65201Kb max_used=66888Kb free=180558Kb
 bounds [0x00000000026b0000, 0x0000000006870000, 0x00000000116b0000]
 total_blobs=21640 nmethods=20771 adapters=779
 compilation: enabled

Compilation events (10 events):
Event: 1203.105 Thread 0x0000000057961800 nmethod 26029 0x000000000362b7d0 code [0x000000000362b920, 0x000000000362bad8]
Event: 1203.106 Thread 0x0000000057961800 26009       4       org.gradle.api.internal.artifacts.ivyservice.resolveengine.artifact.DefaultResolvedArtifactsBuilder::collectArtifacts (52 bytes)
Event: 1203.109 Thread 0x0000000057961800 nmethod 26009 0x0000000005fa8850 code [0x0000000005fa89a0, 0x0000000005fa8cf8]
Event: 1203.112 Thread 0x00000000579d4000 26030       3       java.lang.Long::compare (22 bytes)
Event: 1203.112 Thread 0x00000000579d4000 nmethod 26030 0x0000000003db3510 code [0x0000000003db3680, 0x0000000003db3890]
Event: 1203.114 Thread 0x0000000057961800 26031       4       org.gradle.api.internal.attributes.DefaultImmutableAttributesFactory::mutable (9 bytes)
Event: 1203.115 Thread 0x0000000057961800 nmethod 26031 0x00000000030b7910 code [0x00000000030b7a60, 0x00000000030b7b38]
Event: 1203.116 Thread 0x0000000057961800 26032       4       org.gradle.api.internal.artifacts.ivyservice.resolveengine.artifact.ResolvedArtifactsGraphVisitor::getArtifacts (197 bytes)
Event: 1203.117 Thread 0x00000000579d4000 26035       3       org.gradle.api.internal.DefaultDomainObjectCollection::size (10 bytes)
Event: 1203.117 Thread 0x00000000579d4000 nmethod 26035 0x00000000044ca3d0 code [0x00000000044ca540, 0x00000000044ca768]

GC Heap History (10 events):
Event: 70.150 GC heap before
{Heap before GC invocations=20 (full 3):
 PSYoungGen      total 490496K, used 479174K [0x00000000e0000000, 0x00000000ffc00000, 0x0000000100000000)
  eden space 465920K, 100% used [0x00000000e0000000,0x00000000fc700000,0x00000000fc700000)
  from space 24576K, 53% used [0x00000000fe400000,0x00000000ff0f19d0,0x00000000ffc00000)
  to   space 27136K, 0% used [0x00000000fc700000,0x00000000fc700000,0x00000000fe180000)
 ParOldGen       total 122880K, used 67342K [0x00000000a0000000, 0x00000000a7800000, 0x00000000e0000000)
  object space 122880K, 54% used [0x00000000a0000000,0x00000000a41c3be0,0x00000000a7800000)
 Metaspace       used 86568K, capacity 91312K, committed 91432K, reserved 1128448K
  class space    used 11151K, capacity 12038K, committed 12072K, reserved 1048576K
Event: 70.185 GC heap after
Heap after GC invocations=20 (full 3):
 PSYoungGen      total 493056K, used 17732K [0x00000000e0000000, 0x0000000100000000, 0x0000000100000000)
  eden space 465920K, 0% used [0x00000000e0000000,0x00000000e0000000,0x00000000fc700000)
  from space 27136K, 65% used [0x00000000fc700000,0x00000000fd851240,0x00000000fe180000)
  to   space 27136K, 0% used [0x00000000fe580000,0x00000000fe580000,0x0000000100000000)
 ParOldGen       total 122880K, used 67350K [0x00000000a0000000, 0x00000000a7800000, 0x00000000e0000000)
  object space 122880K, 54% used [0x00000000a0000000,0x00000000a41c5be0,0x00000000a7800000)
 Metaspace       used 86568K, capacity 91312K, committed 91432K, reserved 1128448K
  class space    used 11151K, capacity 12038K, committed 12072K, reserved 1048576K
}
Event: 668.096 GC heap before
{Heap before GC invocations=21 (full 3):
 PSYoungGen      total 493056K, used 152616K [0x00000000e0000000, 0x0000000100000000, 0x0000000100000000)
  eden space 465920K, 28% used [0x00000000e0000000,0x00000000e83b8f48,0x00000000fc700000)
  from space 27136K, 65% used [0x00000000fc700000,0x00000000fd851240,0x00000000fe180000)
  to   space 27136K, 0% used [0x00000000fe580000,0x00000000fe580000,0x0000000100000000)
 ParOldGen       total 122880K, used 67350K [0x00000000a0000000, 0x00000000a7800000, 0x00000000e0000000)
  object space 122880K, 54% used [0x00000000a0000000,0x00000000a41c5be0,0x00000000a7800000)
 Metaspace       used 93437K, capacity 98492K, committed 98600K, reserved 1134592K
  class space    used 11989K, capacity 12906K, committed 12968K, reserved 1048576K
Event: 668.106 GC heap after
Heap after GC invocations=21 (full 3):
 PSYoungGen      total 497152K, used 17711K [0x00000000e0000000, 0x0000000100000000, 0x0000000100000000)
  eden space 470016K, 0% used [0x00000000e0000000,0x00000000e0000000,0x00000000fcb00000)
  from space 27136K, 65% used [0x00000000fe580000,0x00000000ff6cbf78,0x0000000100000000)
  to   space 27136K, 0% used [0x00000000fcb00000,0x00000000fcb00000,0x00000000fe580000)
 ParOldGen       total 122880K, used 67358K [0x00000000a0000000, 0x00000000a7800000, 0x00000000e0000000)
  object space 122880K, 54% used [0x00000000a0000000,0x00000000a41c7be0,0x00000000a7800000)
 Metaspace       used 93437K, capacity 98492K, committed 98600K, reserved 1134592K
  class space    used 11989K, capacity 12906K, committed 12968K, reserved 1048576K
}
Event: 668.106 GC heap before
{Heap before GC invocations=22 (full 4):
 PSYoungGen      total 497152K, used 17711K [0x00000000e0000000, 0x0000000100000000, 0x0000000100000000)
  eden space 470016K, 0% used [0x00000000e0000000,0x00000000e0000000,0x00000000fcb00000)
  from space 27136K, 65% used [0x00000000fe580000,0x00000000ff6cbf78,0x0000000100000000)
  to   space 27136K, 0% used [0x00000000fcb00000,0x00000000fcb00000,0x00000000fe580000)
 ParOldGen       total 122880K, used 67358K [0x00000000a0000000, 0x00000000a7800000, 0x00000000e0000000)
  object space 122880K, 54% used [0x00000000a0000000,0x00000000a41c7be0,0x00000000a7800000)
 Metaspace       used 93437K, capacity 98492K, committed 98600K, reserved 1134592K
  class space    used 11989K, capacity 12906K, committed 12968K, reserved 1048576K
Event: 668.250 GC heap after
Heap after GC invocations=22 (full 4):
 PSYoungGen      total 497152K, used 0K [0x00000000e0000000, 0x0000000100000000, 0x0000000100000000)
  eden space 470016K, 0% used [0x00000000e0000000,0x00000000e0000000,0x00000000fcb00000)
  from space 27136K, 0% used [0x00000000fe580000,0x00000000fe580000,0x0000000100000000)
  to   space 27136K, 0% used [0x00000000fcb00000,0x00000000fcb00000,0x00000000fe580000)
 ParOldGen       total 187904K, used 56661K [0x00000000a0000000, 0x00000000ab780000, 0x00000000e0000000)
  object space 187904K, 30% used [0x00000000a0000000,0x00000000a37555c0,0x00000000ab780000)
 Metaspace       used 92911K, capacity 97090K, committed 98600K, reserved 1134592K
  class space    used 11806K, capacity 12589K, committed 12968K, reserved 1048576K
}
Event: 699.550 GC heap before
{Heap before GC invocations=23 (full 4):
 PSYoungGen      total 497152K, used 470016K [0x00000000e0000000, 0x0000000100000000, 0x0000000100000000)
  eden space 470016K, 100% used [0x00000000e0000000,0x00000000fcb00000,0x00000000fcb00000)
  from space 27136K, 0% used [0x00000000fe580000,0x00000000fe580000,0x0000000100000000)
  to   space 27136K, 0% used [0x00000000fcb00000,0x00000000fcb00000,0x00000000fe580000)
 ParOldGen       total 187904K, used 56661K [0x00000000a0000000, 0x00000000ab780000, 0x00000000e0000000)
  object space 187904K, 30% used [0x00000000a0000000,0x00000000a37555c0,0x00000000ab780000)
 Metaspace       used 105293K, capacity 110470K, committed 110632K, reserved 1144832K
  class space    used 13398K, capacity 14346K, committed 14376K, reserved 1048576K
Event: 699.568 GC heap after
Heap after GC invocations=23 (full 4):
 PSYoungGen      total 497152K, used 27105K [0x00000000e0000000, 0x0000000100000000, 0x0000000100000000)
  eden space 470016K, 0% used [0x00000000e0000000,0x00000000e0000000,0x00000000fcb00000)
  from space 27136K, 99% used [0x00000000fcb00000,0x00000000fe578418,0x00000000fe580000)
  to   space 27136K, 0% used [0x00000000fe580000,0x00000000fe580000,0x0000000100000000)
 ParOldGen       total 187904K, used 63216K [0x00000000a0000000, 0x00000000ab780000, 0x00000000e0000000)
  object space 187904K, 33% used [0x00000000a0000000,0x00000000a3dbc2e0,0x00000000ab780000)
 Metaspace       used 105293K, capacity 110470K, committed 110632K, reserved 1144832K
  class space    used 13398K, capacity 14346K, committed 14376K, reserved 1048576K
}
Event: 1102.381 GC heap before
{Heap before GC invocations=24 (full 4):
 PSYoungGen      total 497152K, used 497121K [0x00000000e0000000, 0x0000000100000000, 0x0000000100000000)
  eden space 470016K, 100% used [0x00000000e0000000,0x00000000fcb00000,0x00000000fcb00000)
  from space 27136K, 99% used [0x00000000fcb00000,0x00000000fe578418,0x00000000fe580000)
  to   space 27136K, 0% used [0x00000000fe580000,0x00000000fe580000,0x0000000100000000)
 ParOldGen       total 187904K, used 63216K [0x00000000a0000000, 0x00000000ab780000, 0x00000000e0000000)
  object space 187904K, 33% used [0x00000000a0000000,0x00000000a3dbc2e0,0x00000000ab780000)
 Metaspace       used 113745K, capacity 119482K, committed 119720K, reserved 1153024K
  class space    used 14394K, capacity 15448K, committed 15528K, reserved 1048576K
Event: 1102.409 GC heap after
Heap after GC invocations=24 (full 4):
 PSYoungGen      total 475648K, used 27112K [0x00000000e0000000, 0x0000000100000000, 0x0000000100000000)
  eden space 448512K, 0% used [0x00000000e0000000,0x00000000e0000000,0x00000000fb600000)
  from space 27136K, 99% used [0x00000000fe580000,0x00000000ffffa188,0x0000000100000000)
  to   space 37888K, 0% used [0x00000000fb600000,0x00000000fb600000,0x00000000fdb00000)
 ParOldGen       total 187904K, used 69531K [0x00000000a0000000, 0x00000000ab780000, 0x00000000e0000000)
  object space 187904K, 37% used [0x00000000a0000000,0x00000000a43e6e48,0x00000000ab780000)
 Metaspace       used 113745K, capacity 119482K, committed 119720K, reserved 1153024K
  class space    used 14394K, capacity 15448K, committed 15528K, reserved 1048576K
}

Deoptimization events (10 events):
Event: 1105.634 Thread 0x0000000061026000 Uncommon trap: reason=array_check action=maybe_recompile pc=0x0000000004db563c method=java.util.TimSort.mergeLo(IIII)V @ 81
Event: 1105.634 Thread 0x0000000061026000 Uncommon trap: reason=array_check action=maybe_recompile pc=0x0000000004db563c method=java.util.TimSort.mergeLo(IIII)V @ 81
Event: 1105.634 Thread 0x0000000061026000 Uncommon trap: reason=array_check action=maybe_recompile pc=0x0000000004db563c method=java.util.TimSort.mergeLo(IIII)V @ 81
Event: 1105.634 Thread 0x0000000061026000 Uncommon trap: reason=array_check action=maybe_recompile pc=0x0000000004db563c method=java.util.TimSort.mergeLo(IIII)V @ 81
Event: 1105.769 Thread 0x000000006101f800 Uncommon trap: reason=bimorphic action=maybe_recompile pc=0x00000000035b0ce4 method=com.google.common.collect.ImmutableMap.copyOf(Ljava/lang/Iterable;)Lcom/google/common/collect/ImmutableMap; @ 53
Event: 1105.798 Thread 0x000000006101f800 Uncommon trap: reason=predicate action=maybe_recompile pc=0x0000000005a558a8 method=com.google.common.collect.RegularImmutableMap.fromEntryArray(I[Ljava/util/Map$Entry;)Lcom/google/common/collect/ImmutableMap; @ 62
Event: 1105.813 Thread 0x000000006101f800 Uncommon trap: reason=array_check action=maybe_recompile pc=0x0000000005a3e454 method=com.google.common.collect.RegularImmutableMap.fromEntryArray(I[Ljava/util/Map$Entry;)Lcom/google/common/collect/ImmutableMap; @ 157
Event: 1105.996 Thread 0x000000006101f800 Uncommon trap: reason=array_check action=maybe_recompile pc=0x0000000005a3e454 method=com.google.common.collect.RegularImmutableMap.fromEntryArray(I[Ljava/util/Map$Entry;)Lcom/google/common/collect/ImmutableMap; @ 157
Event: 1106.064 Thread 0x0000000062353800 Uncommon trap: reason=null_check action=make_not_entrant pc=0x0000000003806a18 method=java.lang.ThreadLocal$ThreadLocalMap.set(Ljava/lang/ThreadLocal;Ljava/lang/Object;)V @ 36
Event: 1202.872 Thread 0x0000000061b96800 Uncommon trap: reason=class_check action=maybe_recompile pc=0x00000000067374dc method=java.lang.reflect.Array.newInstance(Ljava/lang/Class;I)Ljava/lang/Object; @ 2

Classes redefined (0 events):
No events

Internal exceptions (10 events):
Event: 1203.041 Thread 0x0000000061b95000 Exception <a 'sun/nio/fs/WindowsException'> (0x00000000f1cf0cc0) thrown at [D:\src\AOSP-openjdk-cygwin\jdk8u\hotspot\src\share\vm\prims\jni.cpp, line 709]
Event: 1203.041 Thread 0x0000000061b95000 Exception <a 'sun/nio/fs/WindowsException'> (0x00000000f1cf18a8) thrown at [D:\src\AOSP-openjdk-cygwin\jdk8u\hotspot\src\share\vm\prims\jni.cpp, line 709]
Event: 1203.041 Thread 0x0000000061b95000 Exception <a 'sun/nio/fs/WindowsException'> (0x00000000f1cf5250) thrown at [D:\src\AOSP-openjdk-cygwin\jdk8u\hotspot\src\share\vm\prims\jni.cpp, line 709]
Event: 1203.042 Thread 0x0000000061b95000 Exception <a 'sun/nio/fs/WindowsException'> (0x00000000f1cf5df8) thrown at [D:\src\AOSP-openjdk-cygwin\jdk8u\hotspot\src\share\vm\prims\jni.cpp, line 709]
Event: 1203.042 Thread 0x0000000061b95000 Exception <a 'sun/nio/fs/WindowsException'> (0x00000000f1cf8018) thrown at [D:\src\AOSP-openjdk-cygwin\jdk8u\hotspot\src\share\vm\prims\jni.cpp, line 709]
Event: 1203.042 Thread 0x0000000061b95000 Exception <a 'sun/nio/fs/WindowsException'> (0x00000000f1cf8be0) thrown at [D:\src\AOSP-openjdk-cygwin\jdk8u\hotspot\src\share\vm\prims\jni.cpp, line 709]
Event: 1203.042 Thread 0x0000000061b95000 Exception <a 'sun/nio/fs/WindowsException'> (0x00000000f1cfbce0) thrown at [D:\src\AOSP-openjdk-cygwin\jdk8u\hotspot\src\share\vm\prims\jni.cpp, line 709]
Event: 1203.042 Thread 0x0000000061b95000 Exception <a 'sun/nio/fs/WindowsException'> (0x00000000f1cfc8e8) thrown at [D:\src\AOSP-openjdk-cygwin\jdk8u\hotspot\src\share\vm\prims\jni.cpp, line 709]
Event: 1203.042 Thread 0x0000000061b95000 Exception <a 'sun/nio/fs/WindowsException'> (0x00000000f1cfec30) thrown at [D:\src\AOSP-openjdk-cygwin\jdk8u\hotspot\src\share\vm\prims\jni.cpp, line 709]
Event: 1203.042 Thread 0x0000000061b95000 Exception <a 'sun/nio/fs/WindowsException'> (0x00000000f1cff848) thrown at [D:\src\AOSP-openjdk-cygwin\jdk8u\hotspot\src\share\vm\prims\jni.cpp, line 709]

Events (10 events):
Event: 1203.113 Thread 0x00000000579d4000 flushing nmethod 0x0000000004c941d0
Event: 1203.113 Thread 0x00000000579d4000 flushing nmethod 0x0000000004c94550
Event: 1203.115 Thread 0x0000000057961800 flushing nmethod 0x0000000004db42d0
Event: 1203.115 Thread 0x0000000057961800 flushing nmethod 0x0000000004e35110
Event: 1203.115 Thread 0x0000000057961800 flushing nmethod 0x0000000004e37950
Event: 1203.117 Thread 0x00000000579d4000 flushing nmethod 0x0000000005345890
Event: 1203.123 Executing VM operation: RevokeBias
Event: 1203.124 Executing VM operation: RevokeBias done
Event: 1203.124 Executing VM operation: RevokeBias
Event: 1203.124 Executing VM operation: RevokeBias done


Dynamic libraries:
0x000000013f060000 - 0x000000013f091000 	C:\Program Files\Android\Android Studio\jre\bin\java.exe
0x0000000077800000 - 0x000000007799f000 	C:\Windows\SYSTEM32\ntdll.dll
0x00000000776e0000 - 0x00000000777ff000 	C:\Windows\system32\kernel32.dll
0x000007fefd490000 - 0x000007fefd4fa000 	C:\Windows\system32\KERNELBASE.dll
0x000007fefe030000 - 0x000007fefe10b000 	C:\Windows\system32\ADVAPI32.dll
0x000007fefdbc0000 - 0x000007fefdc5f000 	C:\Windows\system32\msvcrt.dll
0x000007feff310000 - 0x000007feff32f000 	C:\Windows\SYSTEM32\sechost.dll
0x000007fefe160000 - 0x000007fefe28c000 	C:\Windows\system32\RPCRT4.dll
0x00000000775e0000 - 0x00000000776da000 	C:\Windows\system32\USER32.dll
0x000007feff880000 - 0x000007feff8e7000 	C:\Windows\system32\GDI32.dll
0x000007fefdf80000 - 0x000007fefdf8e000 	C:\Windows\system32\LPK.dll
0x000007feff8f0000 - 0x000007feff9bb000 	C:\Windows\system32\USP10.dll
0x000007fefb8e0000 - 0x000007fefbad5000 	C:\Windows\WinSxS\amd64_microsoft.windows.common-controls_6595b64144ccf1df_6.0.7601.24380_none_e3731d0b30fb6b11\COMCTL32.dll
0x000007feff9c0000 - 0x000007feffa31000 	C:\Windows\system32\SHLWAPI.dll
0x000007feffac0000 - 0x000007feffaee000 	C:\Windows\system32\IMM32.DLL
0x000007fefdc60000 - 0x000007fefdd69000 	C:\Windows\system32\MSCTF.dll
0x000000006f4e0000 - 0x000000006f5b2000 	C:\Program Files\Android\Android Studio\jre\jre\bin\msvcr100.dll
0x000000006f8e0000 - 0x0000000070121000 	C:\Program Files\Android\Android Studio\jre\jre\bin\server\jvm.dll
0x000007fef6ae0000 - 0x000007fef6ae9000 	C:\Windows\system32\WSOCK32.dll
0x000007fefe110000 - 0x000007fefe15d000 	C:\Windows\system32\WS2_32.dll
0x000007feff020000 - 0x000007feff028000 	C:\Windows\system32\NSI.dll
0x000007fef6af0000 - 0x000007fef6b2b000 	C:\Windows\system32\WINMM.dll
0x000007fefc430000 - 0x000007fefc43c000 	C:\Windows\system32\VERSION.dll
0x00000000779b0000 - 0x00000000779b7000 	C:\Windows\system32\PSAPI.DLL
0x000007fefbde0000 - 0x000007fefbdef000 	C:\Program Files\Android\Android Studio\jre\jre\bin\verify.dll
0x000007fef1d00000 - 0x000007fef1d29000 	C:\Program Files\Android\Android Studio\jre\jre\bin\java.dll
0x000007fef1ee0000 - 0x000007fef1ef6000 	C:\Program Files\Android\Android Studio\jre\jre\bin\zip.dll
0x000007fefe290000 - 0x000007feff01b000 	C:\Windows\system32\SHELL32.dll
0x000007feff110000 - 0x000007feff30f000 	C:\Windows\system32\ole32.dll
0x000007fefd350000 - 0x000007fefd35f000 	C:\Windows\system32\profapi.dll
0x000007fef1cc0000 - 0x000007fef1cda000 	C:\Program Files\Android\Android Studio\jre\jre\bin\net.dll
0x000007fefcad0000 - 0x000007fefcb25000 	C:\Windows\system32\mswsock.dll
0x000007fefcac0000 - 0x000007fefcac7000 	C:\Windows\System32\wship6.dll
0x000007fef1ce0000 - 0x000007fef1cf1000 	C:\Program Files\Android\Android Studio\jre\jre\bin\nio.dll
0x000007feef150000 - 0x000007feef16e000 	C:\Users\Administrator\.gradle\native\25\windows-amd64\native-platform.dll
0x000007fef8a60000 - 0x000007fef8a6d000 	C:\Program Files\Android\Android Studio\jre\jre\bin\management.dll
0x000007fefcb30000 - 0x000007fefcb48000 	C:\Windows\system32\CRYPTSP.dll
0x000007fefc830000 - 0x000007fefc877000 	C:\Windows\system32\rsaenh.dll
0x000007fefd470000 - 0x000007fefd48e000 	C:\Windows\system32\USERENV.dll
0x000007fefd1f0000 - 0x000007fefd1ff000 	C:\Windows\system32\CRYPTBASE.dll
0x000007fefae40000 - 0x000007fefae67000 	C:\Windows\system32\IPHLPAPI.DLL
0x000007fefae30000 - 0x000007fefae3b000 	C:\Windows\system32\WINNSI.DLL
0x000007fefac50000 - 0x000007fefac61000 	C:\Windows\system32\dhcpcsvc6.DLL
0x000007fefab90000 - 0x000007fefaba8000 	C:\Windows\system32\dhcpcsvc.DLL
0x000007fefd190000 - 0x000007fefd1e7000 	C:\Windows\system32\apphelp.dll

VM Arguments:
jvm_args: -Xmx1536m -Dfile.encoding=x-windows-949 -Duser.country=KR -Duser.language=ko -Duser.variant 
java_command: org.gradle.launcher.daemon.bootstrap.GradleDaemon 5.1.1
java_class_path (initial): C:\Users\Administrator\.gradle\wrapper\dists\gradle-5.1.1-all\97z1ksx6lirer3kbvdnh7jtjg\gradle-5.1.1\lib\gradle-launcher-5.1.1.jar
Launcher Type: SUN_STANDARD

Environment Variables:
JAVA_HOME=C:\Program Files\Java\jdk-9
CLASSPATH=".;C:/jsp/Apache Software Foundation/Tomcat 7.0/webapps/ROOT/WEB-INF/classes;"
PATH=C:\Program Files\Java\jdk-9\bin;C:\ProgramData\Oracle\Java\javapath;C:\Windows\system32;C:\Windows;C:\Windows\System32\Wbem;C:\Windows\System32\WindowsPowerShell\v1.0\;C:\Windows\system32\config\systemprofile\.dnx\bin;C:\Program Files\Microsoft DNX\Dnvm\;C:\Program Files\Microsoft SQL Server\130\Tools\Binn\;C:\Program Files (x86)\QuickTime\QTSystem\;C:\Program Files\Java\jdk-9\bin;C:\Program Files (x86)\Windows Kits\8.1\Windows Performance Toolkit\;C:\Program Files\Bandizip\
USERNAME=Administrator
OS=Windows_NT
PROCESSOR_IDENTIFIER=Intel64 Family 6 Model 94 Stepping 3, GenuineIntel



---------------  S Y S T E M  ---------------

OS: Windows 7 , 64 bit Build 7601 (6.1.7601.24408)

CPU:total 8 (initial active 8) (4 cores per cpu, 2 threads per core) family 6 model 94 stepping 3, cmov, cx8, fxsr, mmx, sse, sse2, sse3, ssse3, sse4.1, sse4.2, popcnt, avx, avx2, aes, clmul, erms, rtm, 3dnowpref, lzcnt, ht, tsc, tscinvbit, bmi1, bmi2, adx

Memory: 4k page, physical 8339704k(2143264k free), swap 8337808k(5504k free)

vm_info: OpenJDK 64-Bit Server VM (25.152-b01) for windows-amd64 JRE (1.8.0_152-release-1343-b01), built by "builder" with MS VC++ 10.0 (VS2010)

time: Thu May 30 14:35:47 2019
elapsed time: 1203 seconds (0d 0h 20m 3s)

